<?xml version="1.0" encoding="UTF-8"?>
<testsuite name="com.dvc.microservices.core.product.ProductServiceApplicationTests" tests="3" skipped="0" failures="0" errors="0" timestamp="2020-10-16T23:12:18" hostname="VENKATs-MacBook-Pro.local" time="0.601">
  <properties/>
  <testcase name="getProductById" classname="com.dvc.microservices.core.product.ProductServiceApplicationTests" time="0.564"/>
  <testcase name="getProductInvalidParameterNegativeValue" classname="com.dvc.microservices.core.product.ProductServiceApplicationTests" time="0.027"/>
  <testcase name="getProductNotFound" classname="com.dvc.microservices.core.product.ProductServiceApplicationTests" time="0.007"/>
  <system-out><![CDATA[19:12:12.102 [Test worker] DEBUG org.springframework.test.annotation.ProfileValueUtils - Retrieved @ProfileValueSourceConfiguration [null] for test class [com.dvc.microservices.core.product.ProductServiceApplicationTests]
19:12:12.103 [Test worker] DEBUG org.springframework.test.annotation.ProfileValueUtils - Retrieved ProfileValueSource type [class org.springframework.test.annotation.SystemProfileValueSource] for class [com.dvc.microservices.core.product.ProductServiceApplicationTests]
19:12:12.103 [Test worker] DEBUG org.springframework.test.annotation.ProfileValueUtils - Retrieved @ProfileValueSourceConfiguration [null] for test class [com.dvc.microservices.core.product.ProductServiceApplicationTests]
19:12:12.104 [Test worker] DEBUG org.springframework.test.annotation.ProfileValueUtils - Retrieved ProfileValueSource type [class org.springframework.test.annotation.SystemProfileValueSource] for class [com.dvc.microservices.core.product.ProductServiceApplicationTests]
19:12:12.108 [Test worker] DEBUG org.springframework.test.context.support.AbstractDirtiesContextTestExecutionListener - Before test class: context [DefaultTestContext@3662259d testClass = ProductServiceApplicationTests, testInstance = [null], testMethod = [null], testException = [null], mergedContextConfiguration = [ReactiveWebMergedContextConfiguration@760420ad testClass = ProductServiceApplicationTests, locations = '{}', classes = '{class com.dvc.microservices.core.product.ProductServiceApplication}', contextInitializerClasses = '[]', activeProfiles = '{}', propertySourceLocations = '{}', propertySourceProperties = '{org.springframework.boot.test.context.SpringBootTestContextBootstrapper=true, server.port=0}', contextCustomizers = set[org.springframework.boot.test.autoconfigure.properties.PropertyMappingContextCustomizer@0, org.springframework.boot.test.autoconfigure.web.servlet.WebDriverContextCustomizerFactory$Customizer@166d35ea, org.springframework.boot.test.context.filter.ExcludeFilterContextCustomizer@3ded6756, org.springframework.boot.test.json.DuplicateJsonObjectContextCustomizerFactory$DuplicateJsonObjectContextCustomizer@7e45641, org.springframework.boot.test.mock.mockito.MockitoContextCustomizer@0, org.springframework.boot.test.web.client.TestRestTemplateContextCustomizer@2a8055da, org.springframework.boot.test.web.reactive.server.WebTestClientContextCustomizer@31950af1, org.springframework.boot.test.context.SpringBootTestArgs@1], contextLoader = 'org.springframework.boot.test.context.SpringBootContextLoader', parent = [null]], attributes = map['org.springframework.test.context.web.ServletTestExecutionListener.activateListener' -> false]], class annotated with @DirtiesContext [false] with mode [null].
19:12:12.109 [Test worker] DEBUG org.springframework.test.annotation.ProfileValueUtils - Retrieved @ProfileValueSourceConfiguration [null] for test class [com.dvc.microservices.core.product.ProductServiceApplicationTests]
19:12:12.109 [Test worker] DEBUG org.springframework.test.annotation.ProfileValueUtils - Retrieved ProfileValueSource type [class org.springframework.test.annotation.SystemProfileValueSource] for class [com.dvc.microservices.core.product.ProductServiceApplicationTests]
19:12:12.112 [Test worker] DEBUG org.springframework.test.context.support.DependencyInjectionTestExecutionListener - Performing dependency injection for test context [[DefaultTestContext@3662259d testClass = ProductServiceApplicationTests, testInstance = com.dvc.microservices.core.product.ProductServiceApplicationTests@783aec95, testMethod = [null], testException = [null], mergedContextConfiguration = [ReactiveWebMergedContextConfiguration@760420ad testClass = ProductServiceApplicationTests, locations = '{}', classes = '{class com.dvc.microservices.core.product.ProductServiceApplication}', contextInitializerClasses = '[]', activeProfiles = '{}', propertySourceLocations = '{}', propertySourceProperties = '{org.springframework.boot.test.context.SpringBootTestContextBootstrapper=true, server.port=0}', contextCustomizers = set[org.springframework.boot.test.autoconfigure.properties.PropertyMappingContextCustomizer@0, org.springframework.boot.test.autoconfigure.web.servlet.WebDriverContextCustomizerFactory$Customizer@166d35ea, org.springframework.boot.test.context.filter.ExcludeFilterContextCustomizer@3ded6756, org.springframework.boot.test.json.DuplicateJsonObjectContextCustomizerFactory$DuplicateJsonObjectContextCustomizer@7e45641, org.springframework.boot.test.mock.mockito.MockitoContextCustomizer@0, org.springframework.boot.test.web.client.TestRestTemplateContextCustomizer@2a8055da, org.springframework.boot.test.web.reactive.server.WebTestClientContextCustomizer@31950af1, org.springframework.boot.test.context.SpringBootTestArgs@1], contextLoader = 'org.springframework.boot.test.context.SpringBootContextLoader', parent = [null]], attributes = map['org.springframework.test.context.web.ServletTestExecutionListener.activateListener' -> false]]].
19:12:12.128 [Test worker] DEBUG org.springframework.test.context.support.TestPropertySourceUtils - Adding inlined properties to environment: {spring.jmx.enabled=false, org.springframework.boot.test.context.SpringBootTestContextBootstrapper=true, server.port=0}

  .   ____          _            __ _ _
 /\\ / ___'_ __ _ _(_)_ __  __ _ \ \ \ \
( ( )\___ | '_ | '_| | '_ \/ _` | \ \ \ \
 \\/  ___)| |_)| | | | | || (_| |  ) ) ) )
  '  |____| .__|_| |_|_| |_\__, | / / / /
 =========|_|==============|___/=/_/_/_/
 :: Spring Boot ::        (v2.3.4.RELEASE)

2020-10-16 19:12:17.342  INFO 98778 --- [    Test worker] c.d.m.c.p.ProductServiceApplicationTests : Starting ProductServiceApplicationTests on VENKATs-MacBook-Pro.local with PID 98778 (started by venkatdhulipalli in /Users/venkatdhulipalli/devprogs/Hands-On-Microservices-Spring-Boot-Cloud/microservices/product-service)
2020-10-16 19:12:17.343 DEBUG 98778 --- [    Test worker] c.d.m.c.p.ProductServiceApplicationTests : Running with Spring Boot v2.3.4.RELEASE, Spring v5.2.9.RELEASE
2020-10-16 19:12:17.344  INFO 98778 --- [    Test worker] c.d.m.c.p.ProductServiceApplicationTests : No active profile set, falling back to default profiles: default
2020-10-16 19:12:18.441  INFO 98778 --- [    Test worker] o.s.b.a.e.web.EndpointLinksResolver      : Exposing 2 endpoint(s) beneath base path '/actuator'
2020-10-16 19:12:18.857  INFO 98778 --- [    Test worker] o.s.b.web.embedded.netty.NettyWebServer  : Netty started on port(s): 50556
2020-10-16 19:12:18.873  INFO 98778 --- [    Test worker] c.d.m.c.p.ProductServiceApplicationTests : Started ProductServiceApplicationTests in 6.742 seconds (JVM running for 7.645)
2020-10-16 19:12:19.486 DEBUG 98778 --- [ctor-http-nio-3] d.m.u.h.GlobalControllerExceptionHandler : Returning HTTP status: 422 UNPROCESSABLE_ENTITY for path: /product/-1, message: Invalid productId: -1
2020-10-16 19:12:19.507 DEBUG 98778 --- [ctor-http-nio-3] d.m.u.h.GlobalControllerExceptionHandler : Returning HTTP status: 404 NOT_FOUND for path: /product/13, message: No product found for productId: 13
]]></system-out>
  <system-err><![CDATA[]]></system-err>
</testsuite>
