<?xml version="1.0" encoding="UTF-8"?>
<testsuite name="com.dvc.microservices.core.recommendation.RecommendationServiceApplicationTests" tests="1" skipped="0" failures="0" errors="0" timestamp="2020-10-15T18:30:06" hostname="VENKATs-MacBook-Pro.local" time="0.392">
  <properties/>
  <testcase name="contextLoads()" classname="com.dvc.microservices.core.recommendation.RecommendationServiceApplicationTests" time="0.392"/>
  <system-out><![CDATA[14:29:59.171 [Test worker] DEBUG org.springframework.test.context.BootstrapUtils - Instantiating CacheAwareContextLoaderDelegate from class [org.springframework.test.context.cache.DefaultCacheAwareContextLoaderDelegate]
14:29:59.183 [Test worker] DEBUG org.springframework.test.context.BootstrapUtils - Instantiating BootstrapContext using constructor [public org.springframework.test.context.support.DefaultBootstrapContext(java.lang.Class,org.springframework.test.context.CacheAwareContextLoaderDelegate)]
14:29:59.209 [Test worker] DEBUG org.springframework.test.context.BootstrapUtils - Instantiating TestContextBootstrapper for test class [com.dvc.microservices.core.recommendation.RecommendationServiceApplicationTests] from class [org.springframework.boot.test.context.SpringBootTestContextBootstrapper]
14:29:59.223 [Test worker] INFO org.springframework.boot.test.context.SpringBootTestContextBootstrapper - Neither @ContextConfiguration nor @ContextHierarchy found for test class [com.dvc.microservices.core.recommendation.RecommendationServiceApplicationTests], using SpringBootContextLoader
14:29:59.228 [Test worker] DEBUG org.springframework.test.context.support.AbstractContextLoader - Did not detect default resource location for test class [com.dvc.microservices.core.recommendation.RecommendationServiceApplicationTests]: class path resource [com/dvc/microservices/core/recommendation/RecommendationServiceApplicationTests-context.xml] does not exist
14:29:59.228 [Test worker] DEBUG org.springframework.test.context.support.AbstractContextLoader - Did not detect default resource location for test class [com.dvc.microservices.core.recommendation.RecommendationServiceApplicationTests]: class path resource [com/dvc/microservices/core/recommendation/RecommendationServiceApplicationTestsContext.groovy] does not exist
14:29:59.229 [Test worker] INFO org.springframework.test.context.support.AbstractContextLoader - Could not detect default resource locations for test class [com.dvc.microservices.core.recommendation.RecommendationServiceApplicationTests]: no resource found for suffixes {-context.xml, Context.groovy}.
14:29:59.230 [Test worker] INFO org.springframework.test.context.support.AnnotationConfigContextLoaderUtils - Could not detect default configuration classes for test class [com.dvc.microservices.core.recommendation.RecommendationServiceApplicationTests]: RecommendationServiceApplicationTests does not declare any static, non-private, non-final, nested classes annotated with @Configuration.
14:29:59.265 [Test worker] DEBUG org.springframework.test.context.support.ActiveProfilesUtils - Could not find an 'annotation declaring class' for annotation type [org.springframework.test.context.ActiveProfiles] and class [com.dvc.microservices.core.recommendation.RecommendationServiceApplicationTests]
14:29:59.313 [Test worker] DEBUG org.springframework.context.annotation.ClassPathScanningCandidateComponentProvider - Identified candidate component class: file [/Users/venkatdhulipalli/devprogs/Hands-On-Microservices-Spring-Boot-Cloud/microservices/recommendation-service/build/classes/java/main/com/dvc/microservices/core/recommendation/RecommendationServiceApplication.class]
14:29:59.314 [Test worker] INFO org.springframework.boot.test.context.SpringBootTestContextBootstrapper - Found @SpringBootConfiguration com.dvc.microservices.core.recommendation.RecommendationServiceApplication for test class com.dvc.microservices.core.recommendation.RecommendationServiceApplicationTests
14:29:59.387 [Test worker] DEBUG org.springframework.boot.test.context.SpringBootTestContextBootstrapper - @TestExecutionListeners is not present for class [com.dvc.microservices.core.recommendation.RecommendationServiceApplicationTests]: using defaults.
14:29:59.388 [Test worker] INFO org.springframework.boot.test.context.SpringBootTestContextBootstrapper - Loaded default TestExecutionListener class names from location [META-INF/spring.factories]: [org.springframework.boot.test.autoconfigure.restdocs.RestDocsTestExecutionListener, org.springframework.boot.test.autoconfigure.web.client.MockRestServiceServerResetTestExecutionListener, org.springframework.boot.test.autoconfigure.web.servlet.MockMvcPrintOnlyOnFailureTestExecutionListener, org.springframework.boot.test.autoconfigure.web.servlet.WebDriverTestExecutionListener, org.springframework.boot.test.autoconfigure.webservices.client.MockWebServiceServerTestExecutionListener, org.springframework.boot.test.mock.mockito.MockitoTestExecutionListener, org.springframework.boot.test.mock.mockito.ResetMocksTestExecutionListener, org.springframework.test.context.web.ServletTestExecutionListener, org.springframework.test.context.support.DirtiesContextBeforeModesTestExecutionListener, org.springframework.test.context.support.DependencyInjectionTestExecutionListener, org.springframework.test.context.support.DirtiesContextTestExecutionListener, org.springframework.test.context.transaction.TransactionalTestExecutionListener, org.springframework.test.context.jdbc.SqlScriptsTestExecutionListener, org.springframework.test.context.event.EventPublishingTestExecutionListener]
14:29:59.397 [Test worker] DEBUG org.springframework.boot.test.context.SpringBootTestContextBootstrapper - Skipping candidate TestExecutionListener [org.springframework.test.context.web.ServletTestExecutionListener] due to a missing dependency. Specify custom listener classes or make the default listener classes and their required dependencies available. Offending class: [javax/servlet/ServletContext]
14:29:59.398 [Test worker] DEBUG org.springframework.boot.test.context.SpringBootTestContextBootstrapper - Skipping candidate TestExecutionListener [org.springframework.test.context.transaction.TransactionalTestExecutionListener] due to a missing dependency. Specify custom listener classes or make the default listener classes and their required dependencies available. Offending class: [org/springframework/transaction/interceptor/TransactionAttributeSource]
14:29:59.399 [Test worker] DEBUG org.springframework.boot.test.context.SpringBootTestContextBootstrapper - Skipping candidate TestExecutionListener [org.springframework.test.context.jdbc.SqlScriptsTestExecutionListener] due to a missing dependency. Specify custom listener classes or make the default listener classes and their required dependencies available. Offending class: [org/springframework/transaction/interceptor/TransactionAttribute]
14:29:59.399 [Test worker] INFO org.springframework.boot.test.context.SpringBootTestContextBootstrapper - Using TestExecutionListeners: [org.springframework.test.context.support.DirtiesContextBeforeModesTestExecutionListener@1ec83eba, org.springframework.boot.test.mock.mockito.MockitoTestExecutionListener@4f41e214, org.springframework.boot.test.autoconfigure.SpringBootDependencyInjectionTestExecutionListener@4b78496, org.springframework.test.context.support.DirtiesContextTestExecutionListener@729bef57, org.springframework.test.context.event.EventPublishingTestExecutionListener@2d793250, org.springframework.boot.test.autoconfigure.restdocs.RestDocsTestExecutionListener@6d6834a9, org.springframework.boot.test.autoconfigure.web.client.MockRestServiceServerResetTestExecutionListener@55438ea6, org.springframework.boot.test.autoconfigure.web.servlet.MockMvcPrintOnlyOnFailureTestExecutionListener@780f320e, org.springframework.boot.test.autoconfigure.web.servlet.WebDriverTestExecutionListener@1c8074ed, org.springframework.boot.test.autoconfigure.webservices.client.MockWebServiceServerTestExecutionListener@30e1d6a8, org.springframework.boot.test.mock.mockito.ResetMocksTestExecutionListener@799e58ac]
14:29:59.402 [Test worker] DEBUG org.springframework.test.context.support.AbstractDirtiesContextTestExecutionListener - Before test class: context [DefaultTestContext@2f8144ee testClass = RecommendationServiceApplicationTests, testInstance = [null], testMethod = [null], testException = [null], mergedContextConfiguration = [ReactiveWebMergedContextConfiguration@28c95402 testClass = RecommendationServiceApplicationTests, locations = '{}', classes = '{class com.dvc.microservices.core.recommendation.RecommendationServiceApplication}', contextInitializerClasses = '[]', activeProfiles = '{}', propertySourceLocations = '{}', propertySourceProperties = '{org.springframework.boot.test.context.SpringBootTestContextBootstrapper=true}', contextCustomizers = set[org.springframework.boot.test.autoconfigure.properties.PropertyMappingContextCustomizer@0, org.springframework.boot.test.autoconfigure.web.servlet.WebDriverContextCustomizerFactory$Customizer@52e45562, org.springframework.boot.test.context.filter.ExcludeFilterContextCustomizer@28421f9, org.springframework.boot.test.json.DuplicateJsonObjectContextCustomizerFactory$DuplicateJsonObjectContextCustomizer@67d5ef9f, org.springframework.boot.test.mock.mockito.MockitoContextCustomizer@0, org.springframework.boot.test.web.client.TestRestTemplateContextCustomizer@55f3eceb, org.springframework.boot.test.web.reactive.server.WebTestClientContextCustomizer@3553c993, org.springframework.boot.test.context.SpringBootTestArgs@1], contextLoader = 'org.springframework.boot.test.context.SpringBootContextLoader', parent = [null]], attributes = map[[empty]]], class annotated with @DirtiesContext [false] with mode [null].
14:29:59.412 [Test worker] DEBUG org.springframework.test.context.support.DependencyInjectionTestExecutionListener - Performing dependency injection for test context [[DefaultTestContext@2f8144ee testClass = RecommendationServiceApplicationTests, testInstance = com.dvc.microservices.core.recommendation.RecommendationServiceApplicationTests@261888a, testMethod = [null], testException = [null], mergedContextConfiguration = [ReactiveWebMergedContextConfiguration@28c95402 testClass = RecommendationServiceApplicationTests, locations = '{}', classes = '{class com.dvc.microservices.core.recommendation.RecommendationServiceApplication}', contextInitializerClasses = '[]', activeProfiles = '{}', propertySourceLocations = '{}', propertySourceProperties = '{org.springframework.boot.test.context.SpringBootTestContextBootstrapper=true}', contextCustomizers = set[org.springframework.boot.test.autoconfigure.properties.PropertyMappingContextCustomizer@0, org.springframework.boot.test.autoconfigure.web.servlet.WebDriverContextCustomizerFactory$Customizer@52e45562, org.springframework.boot.test.context.filter.ExcludeFilterContextCustomizer@28421f9, org.springframework.boot.test.json.DuplicateJsonObjectContextCustomizerFactory$DuplicateJsonObjectContextCustomizer@67d5ef9f, org.springframework.boot.test.mock.mockito.MockitoContextCustomizer@0, org.springframework.boot.test.web.client.TestRestTemplateContextCustomizer@55f3eceb, org.springframework.boot.test.web.reactive.server.WebTestClientContextCustomizer@3553c993, org.springframework.boot.test.context.SpringBootTestArgs@1], contextLoader = 'org.springframework.boot.test.context.SpringBootContextLoader', parent = [null]], attributes = map[[empty]]]].
14:29:59.429 [Test worker] DEBUG org.springframework.test.context.support.TestPropertySourceUtils - Adding inlined properties to environment: {spring.jmx.enabled=false, org.springframework.boot.test.context.SpringBootTestContextBootstrapper=true}

  .   ____          _            __ _ _
 /\\ / ___'_ __ _ _(_)_ __  __ _ \ \ \ \
( ( )\___ | '_ | '_| | '_ \/ _` | \ \ \ \
 \\/  ___)| |_)| | | | | || (_| |  ) ) ) )
  '  |____| .__|_| |_|_| |_\__, | / / / /
 =========|_|==============|___/=/_/_/_/
 :: Spring Boot ::        (v2.3.4.RELEASE)

2020-10-15 14:30:04.631  INFO 63079 --- [    Test worker] .r.RecommendationServiceApplicationTests : Starting RecommendationServiceApplicationTests on VENKATs-MacBook-Pro.local with PID 63079 (started by venkatdhulipalli in /Users/venkatdhulipalli/devprogs/Hands-On-Microservices-Spring-Boot-Cloud/microservices/recommendation-service)
2020-10-15 14:30:04.632 DEBUG 63079 --- [    Test worker] .r.RecommendationServiceApplicationTests : Running with Spring Boot v2.3.4.RELEASE, Spring v5.2.9.RELEASE
2020-10-15 14:30:04.632  INFO 63079 --- [    Test worker] .r.RecommendationServiceApplicationTests : No active profile set, falling back to default profiles: default
2020-10-15 14:30:05.706  INFO 63079 --- [    Test worker] o.s.b.a.e.web.EndpointLinksResolver      : Exposing 2 endpoint(s) beneath base path '/actuator'
2020-10-15 14:30:06.025  INFO 63079 --- [    Test worker] .r.RecommendationServiceApplicationTests : Started RecommendationServiceApplicationTests in 6.589 seconds (JVM running for 7.536)
]]></system-out>
  <system-err><![CDATA[]]></system-err>
</testsuite>
