<?xml version="1.0" encoding="UTF-8"?>
<testsuite name="com.dvc.microservices.composite.product.ProductCompositeServiceApplicationTests" tests="1" skipped="0" failures="0" errors="0" timestamp="2020-10-15T02:13:51" hostname="VENKATs-MacBook-Pro.local" time="0.301">
  <properties/>
  <testcase name="contextLoads()" classname="com.dvc.microservices.composite.product.ProductCompositeServiceApplicationTests" time="0.301"/>
  <system-out><![CDATA[22:13:44.243 [Test worker] DEBUG org.springframework.test.context.BootstrapUtils - Instantiating CacheAwareContextLoaderDelegate from class [org.springframework.test.context.cache.DefaultCacheAwareContextLoaderDelegate]
22:13:44.255 [Test worker] DEBUG org.springframework.test.context.BootstrapUtils - Instantiating BootstrapContext using constructor [public org.springframework.test.context.support.DefaultBootstrapContext(java.lang.Class,org.springframework.test.context.CacheAwareContextLoaderDelegate)]
22:13:44.280 [Test worker] DEBUG org.springframework.test.context.BootstrapUtils - Instantiating TestContextBootstrapper for test class [com.dvc.microservices.composite.product.ProductCompositeServiceApplicationTests] from class [org.springframework.boot.test.context.SpringBootTestContextBootstrapper]
22:13:44.291 [Test worker] INFO org.springframework.boot.test.context.SpringBootTestContextBootstrapper - Neither @ContextConfiguration nor @ContextHierarchy found for test class [com.dvc.microservices.composite.product.ProductCompositeServiceApplicationTests], using SpringBootContextLoader
22:13:44.295 [Test worker] DEBUG org.springframework.test.context.support.AbstractContextLoader - Did not detect default resource location for test class [com.dvc.microservices.composite.product.ProductCompositeServiceApplicationTests]: class path resource [com/dvc/microservices/composite/product/ProductCompositeServiceApplicationTests-context.xml] does not exist
22:13:44.295 [Test worker] DEBUG org.springframework.test.context.support.AbstractContextLoader - Did not detect default resource location for test class [com.dvc.microservices.composite.product.ProductCompositeServiceApplicationTests]: class path resource [com/dvc/microservices/composite/product/ProductCompositeServiceApplicationTestsContext.groovy] does not exist
22:13:44.296 [Test worker] INFO org.springframework.test.context.support.AbstractContextLoader - Could not detect default resource locations for test class [com.dvc.microservices.composite.product.ProductCompositeServiceApplicationTests]: no resource found for suffixes {-context.xml, Context.groovy}.
22:13:44.296 [Test worker] INFO org.springframework.test.context.support.AnnotationConfigContextLoaderUtils - Could not detect default configuration classes for test class [com.dvc.microservices.composite.product.ProductCompositeServiceApplicationTests]: ProductCompositeServiceApplicationTests does not declare any static, non-private, non-final, nested classes annotated with @Configuration.
22:13:44.328 [Test worker] DEBUG org.springframework.test.context.support.ActiveProfilesUtils - Could not find an 'annotation declaring class' for annotation type [org.springframework.test.context.ActiveProfiles] and class [com.dvc.microservices.composite.product.ProductCompositeServiceApplicationTests]
22:13:44.373 [Test worker] DEBUG org.springframework.context.annotation.ClassPathScanningCandidateComponentProvider - Identified candidate component class: file [/Users/venkatdhulipalli/devprogs/Hands-On-Microservices-Spring-Boot-Cloud/microservices/product-composite-service/build/classes/java/main/com/dvc/microservices/composite/product/ProductCompositeServiceApplication.class]
22:13:44.374 [Test worker] INFO org.springframework.boot.test.context.SpringBootTestContextBootstrapper - Found @SpringBootConfiguration com.dvc.microservices.composite.product.ProductCompositeServiceApplication for test class com.dvc.microservices.composite.product.ProductCompositeServiceApplicationTests
22:13:44.446 [Test worker] DEBUG org.springframework.boot.test.context.SpringBootTestContextBootstrapper - @TestExecutionListeners is not present for class [com.dvc.microservices.composite.product.ProductCompositeServiceApplicationTests]: using defaults.
22:13:44.446 [Test worker] INFO org.springframework.boot.test.context.SpringBootTestContextBootstrapper - Loaded default TestExecutionListener class names from location [META-INF/spring.factories]: [org.springframework.boot.test.autoconfigure.restdocs.RestDocsTestExecutionListener, org.springframework.boot.test.autoconfigure.web.client.MockRestServiceServerResetTestExecutionListener, org.springframework.boot.test.autoconfigure.web.servlet.MockMvcPrintOnlyOnFailureTestExecutionListener, org.springframework.boot.test.autoconfigure.web.servlet.WebDriverTestExecutionListener, org.springframework.boot.test.autoconfigure.webservices.client.MockWebServiceServerTestExecutionListener, org.springframework.boot.test.mock.mockito.MockitoTestExecutionListener, org.springframework.boot.test.mock.mockito.ResetMocksTestExecutionListener, org.springframework.test.context.web.ServletTestExecutionListener, org.springframework.test.context.support.DirtiesContextBeforeModesTestExecutionListener, org.springframework.test.context.support.DependencyInjectionTestExecutionListener, org.springframework.test.context.support.DirtiesContextTestExecutionListener, org.springframework.test.context.transaction.TransactionalTestExecutionListener, org.springframework.test.context.jdbc.SqlScriptsTestExecutionListener, org.springframework.test.context.event.EventPublishingTestExecutionListener]
22:13:44.452 [Test worker] DEBUG org.springframework.boot.test.context.SpringBootTestContextBootstrapper - Skipping candidate TestExecutionListener [org.springframework.test.context.web.ServletTestExecutionListener] due to a missing dependency. Specify custom listener classes or make the default listener classes and their required dependencies available. Offending class: [javax/servlet/ServletContext]
22:13:44.454 [Test worker] DEBUG org.springframework.boot.test.context.SpringBootTestContextBootstrapper - Skipping candidate TestExecutionListener [org.springframework.test.context.transaction.TransactionalTestExecutionListener] due to a missing dependency. Specify custom listener classes or make the default listener classes and their required dependencies available. Offending class: [org/springframework/transaction/interceptor/TransactionAttributeSource]
22:13:44.454 [Test worker] DEBUG org.springframework.boot.test.context.SpringBootTestContextBootstrapper - Skipping candidate TestExecutionListener [org.springframework.test.context.jdbc.SqlScriptsTestExecutionListener] due to a missing dependency. Specify custom listener classes or make the default listener classes and their required dependencies available. Offending class: [org/springframework/transaction/interceptor/TransactionAttribute]
22:13:44.454 [Test worker] INFO org.springframework.boot.test.context.SpringBootTestContextBootstrapper - Using TestExecutionListeners: [org.springframework.test.context.support.DirtiesContextBeforeModesTestExecutionListener@5df7a1cf, org.springframework.boot.test.mock.mockito.MockitoTestExecutionListener@6de797e0, org.springframework.boot.test.autoconfigure.SpringBootDependencyInjectionTestExecutionListener@b2812b8, org.springframework.test.context.support.DirtiesContextTestExecutionListener@7e510166, org.springframework.test.context.event.EventPublishingTestExecutionListener@1ec83eba, org.springframework.boot.test.autoconfigure.restdocs.RestDocsTestExecutionListener@4f41e214, org.springframework.boot.test.autoconfigure.web.client.MockRestServiceServerResetTestExecutionListener@4b78496, org.springframework.boot.test.autoconfigure.web.servlet.MockMvcPrintOnlyOnFailureTestExecutionListener@729bef57, org.springframework.boot.test.autoconfigure.web.servlet.WebDriverTestExecutionListener@2d793250, org.springframework.boot.test.autoconfigure.webservices.client.MockWebServiceServerTestExecutionListener@6d6834a9, org.springframework.boot.test.mock.mockito.ResetMocksTestExecutionListener@55438ea6]
22:13:44.458 [Test worker] DEBUG org.springframework.test.context.support.AbstractDirtiesContextTestExecutionListener - Before test class: context [DefaultTestContext@161acbda testClass = ProductCompositeServiceApplicationTests, testInstance = [null], testMethod = [null], testException = [null], mergedContextConfiguration = [ReactiveWebMergedContextConfiguration@6c1d6a46 testClass = ProductCompositeServiceApplicationTests, locations = '{}', classes = '{class com.dvc.microservices.composite.product.ProductCompositeServiceApplication}', contextInitializerClasses = '[]', activeProfiles = '{}', propertySourceLocations = '{}', propertySourceProperties = '{org.springframework.boot.test.context.SpringBootTestContextBootstrapper=true}', contextCustomizers = set[org.springframework.boot.test.autoconfigure.properties.PropertyMappingContextCustomizer@0, org.springframework.boot.test.autoconfigure.web.servlet.WebDriverContextCustomizerFactory$Customizer@52e45562, org.springframework.boot.test.context.filter.ExcludeFilterContextCustomizer@28421f9, org.springframework.boot.test.json.DuplicateJsonObjectContextCustomizerFactory$DuplicateJsonObjectContextCustomizer@67d5ef9f, org.springframework.boot.test.mock.mockito.MockitoContextCustomizer@0, org.springframework.boot.test.web.client.TestRestTemplateContextCustomizer@55f3eceb, org.springframework.boot.test.web.reactive.server.WebTestClientContextCustomizer@3553c993, org.springframework.boot.test.context.SpringBootTestArgs@1], contextLoader = 'org.springframework.boot.test.context.SpringBootContextLoader', parent = [null]], attributes = map[[empty]]], class annotated with @DirtiesContext [false] with mode [null].
22:13:44.467 [Test worker] DEBUG org.springframework.test.context.support.DependencyInjectionTestExecutionListener - Performing dependency injection for test context [[DefaultTestContext@161acbda testClass = ProductCompositeServiceApplicationTests, testInstance = com.dvc.microservices.composite.product.ProductCompositeServiceApplicationTests@3aadd94d, testMethod = [null], testException = [null], mergedContextConfiguration = [ReactiveWebMergedContextConfiguration@6c1d6a46 testClass = ProductCompositeServiceApplicationTests, locations = '{}', classes = '{class com.dvc.microservices.composite.product.ProductCompositeServiceApplication}', contextInitializerClasses = '[]', activeProfiles = '{}', propertySourceLocations = '{}', propertySourceProperties = '{org.springframework.boot.test.context.SpringBootTestContextBootstrapper=true}', contextCustomizers = set[org.springframework.boot.test.autoconfigure.properties.PropertyMappingContextCustomizer@0, org.springframework.boot.test.autoconfigure.web.servlet.WebDriverContextCustomizerFactory$Customizer@52e45562, org.springframework.boot.test.context.filter.ExcludeFilterContextCustomizer@28421f9, org.springframework.boot.test.json.DuplicateJsonObjectContextCustomizerFactory$DuplicateJsonObjectContextCustomizer@67d5ef9f, org.springframework.boot.test.mock.mockito.MockitoContextCustomizer@0, org.springframework.boot.test.web.client.TestRestTemplateContextCustomizer@55f3eceb, org.springframework.boot.test.web.reactive.server.WebTestClientContextCustomizer@3553c993, org.springframework.boot.test.context.SpringBootTestArgs@1], contextLoader = 'org.springframework.boot.test.context.SpringBootContextLoader', parent = [null]], attributes = map[[empty]]]].
22:13:44.483 [Test worker] DEBUG org.springframework.test.context.support.TestPropertySourceUtils - Adding inlined properties to environment: {spring.jmx.enabled=false, org.springframework.boot.test.context.SpringBootTestContextBootstrapper=true}

  .   ____          _            __ _ _
 /\\ / ___'_ __ _ _(_)_ __  __ _ \ \ \ \
( ( )\___ | '_ | '_| | '_ \/ _` | \ \ \ \
 \\/  ___)| |_)| | | | | || (_| |  ) ) ) )
  '  |____| .__|_| |_|_| |_\__, | / / / /
 =========|_|==============|___/=/_/_/_/
 :: Spring Boot ::        (v2.3.4.RELEASE)

2020-10-14 22:13:49.674  INFO 53378 --- [    Test worker] .ProductCompositeServiceApplicationTests : Starting ProductCompositeServiceApplicationTests on VENKATs-MacBook-Pro.local with PID 53378 (started by venkatdhulipalli in /Users/venkatdhulipalli/devprogs/Hands-On-Microservices-Spring-Boot-Cloud/microservices/product-composite-service)
2020-10-14 22:13:49.675  INFO 53378 --- [    Test worker] .ProductCompositeServiceApplicationTests : No active profile set, falling back to default profiles: default
2020-10-14 22:13:50.723  INFO 53378 --- [    Test worker] o.s.b.a.e.web.EndpointLinksResolver      : Exposing 2 endpoint(s) beneath base path '/actuator'
2020-10-14 22:13:51.045  INFO 53378 --- [    Test worker] .ProductCompositeServiceApplicationTests : Started ProductCompositeServiceApplicationTests in 6.555 seconds (JVM running for 7.446)
]]></system-out>
  <system-err><![CDATA[]]></system-err>
</testsuite>
